0 info it worked if it ends with ok
1 verbose cli [ '/Users/finch/.nvm/versions/node/v0.12.7/bin/node',
1 verbose cli   '/Users/finch/.nvm/versions/node/v0.12.7/bin/npm',
1 verbose cli   'publish' ]
2 info using npm@2.11.3
3 info using node@v0.12.7
4 verbose publish [ '.' ]
5 silly cache add args [ '.', null ]
6 verbose cache add spec .
7 silly cache add parsed spec { raw: '.',
7 silly cache add   scope: null,
7 silly cache add   name: null,
7 silly cache add   rawSpec: '.',
7 silly cache add   spec: '/Users/finch/dev/cordova-plugin-background-geolocation/example/SampleApp',
7 silly cache add   type: 'local' }
8 error addLocal Could not install /Users/finch/dev/cordova-plugin-background-geolocation/example/SampleApp
9 verbose stack Error: EISDIR, read
9 verbose stack     at Error (native)
10 verbose cwd /Users/finch/dev/cordova-plugin-background-geolocation/example/SampleApp
11 error Darwin 15.0.0
12 error argv "/Users/finch/.nvm/versions/node/v0.12.7/bin/node" "/Users/finch/.nvm/versions/node/v0.12.7/bin/npm" "publish"
13 error node v0.12.7
14 error npm  v2.11.3
15 error code EISDIR
16 error errno -21
17 error EISDIR, read
18 error If you need help, you may report this error at:
18 error     <https://github.com/npm/npm/issues>
19 verbose exit [ -21, true ]
